<?xml version="1.0" encoding="UTF-8"?>
<!-- Generated by org.testng.reporters.JUnitReportReporter -->
<testsuite skipped="0" hostname="DESKTOP-V4DK160" name="KTCTC.regression.StudentRegistrationFormTest" tests="2" failures="0" timestamp="2022-03-28T17:59:34 IST" time="248.271" errors="1">
  <testcase name="verifyNewStudentsInfoCanBeAddedOnFormPage" time="247.469" classname="KTCTC.regression.StudentRegistrationFormTest">
    <error type="org.testng.internal.reflect.MethodMatcherException" message="
[public void KTCTC.regression.StudentRegistrationFormTest.verifyNewStudentsInfoCanBeAddedOnFormPage()] has no parameters defined but was found to be using a data provider (either explicitly specified or inherited from class level annotation).
Data provider mismatch
Method: verifyNewStudentsInfoCanBeAddedOnFormPage([])
Arguments: [(java.lang.String) Sandhya,(java.lang.String) Patil,(java.lang.String) sp@gmail.com,(java.lang.String) Female,(java.lang.Double) 8.965421358E9,(java.lang.Double) 29300.0,(java.lang.String) Maths, Chemistry,Hindi,History,Biology,Physics,(java.lang.String) Reading,(java.lang.String) C:\Users\A\eclipse-workspace\ABCD-main\ABCD-main\src\main\resources\screenShots\simple_01_05_2021_01_03_53.png,(java.lang.String) Mumbail near patole bridge ,(java.lang.String) Rajasthan,(java.lang.String) Jaipur]">
      <![CDATA[org.testng.internal.reflect.MethodMatcherException: 
[public void KTCTC.regression.StudentRegistrationFormTest.verifyNewStudentsInfoCanBeAddedOnFormPage()] has no parameters defined but was found to be using a data provider (either explicitly specified or inherited from class level annotation).
Data provider mismatch
Method: verifyNewStudentsInfoCanBeAddedOnFormPage([])
Arguments: [(java.lang.String) Sandhya,(java.lang.String) Patil,(java.lang.String) sp@gmail.com,(java.lang.String) Female,(java.lang.Double) 8.965421358E9,(java.lang.Double) 29300.0,(java.lang.String) Maths, Chemistry,Hindi,History,Biology,Physics,(java.lang.String) Reading,(java.lang.String) C:\Users\A\eclipse-workspace\ABCD-main\ABCD-main\src\main\resources\screenShots\simple_01_05_2021_01_03_53.png,(java.lang.String) Mumbail near patole bridge ,(java.lang.String) Rajasthan,(java.lang.String) Jaipur]
at org.testng.internal.reflect.DataProviderMethodMatcher.getConformingArguments(DataProviderMethodMatcher.java:43)
at org.testng.internal.Parameters.injectParameters(Parameters.java:914)
at org.testng.internal.MethodRunner.runInSequence(MethodRunner.java:34)
at org.testng.internal.TestInvoker$MethodInvocationAgent.invoke(TestInvoker.java:824)
at org.testng.internal.TestInvoker.invokeTestMethods(TestInvoker.java:146)
at org.testng.internal.TestMethodWorker.invokeTestMethods(TestMethodWorker.java:146)
at org.testng.internal.TestMethodWorker.run(TestMethodWorker.java:128)
at java.util.ArrayList.forEach(Unknown Source)
at org.testng.TestRunner.privateRun(TestRunner.java:794)
at org.testng.TestRunner.run(TestRunner.java:596)
at org.testng.SuiteRunner.runTest(SuiteRunner.java:377)
at org.testng.SuiteRunner.runSequentially(SuiteRunner.java:371)
at org.testng.SuiteRunner.privateRun(SuiteRunner.java:332)
at org.testng.SuiteRunner.run(SuiteRunner.java:276)
at org.testng.SuiteRunnerWorker.runSuite(SuiteRunnerWorker.java:53)
at org.testng.SuiteRunnerWorker.run(SuiteRunnerWorker.java:96)
at org.testng.TestNG.runSuitesSequentially(TestNG.java:1212)
at org.testng.TestNG.runSuitesLocally(TestNG.java:1134)
at org.testng.TestNG.runSuites(TestNG.java:1063)
at org.testng.TestNG.run(TestNG.java:1031)
at org.testng.remote.AbstractRemoteTestNG.run(AbstractRemoteTestNG.java:115)
at org.testng.remote.RemoteTestNG.initAndRun(RemoteTestNG.java:251)
at org.testng.remote.RemoteTestNG.main(RemoteTestNG.java:77)
]]>
    </error>
  </testcase> <!-- verifyNewStudentsInfoCanBeAddedOnFormPage -->
  <system-out/>
  <testcase name="verifyUserCanNavigateToStudentsRegFormPage" time="0.802" classname="KTCTC.regression.StudentRegistrationFormTest"/>
  <system-out/>
</testsuite> <!-- KTCTC.regression.StudentRegistrationFormTest -->
