<?xml version="1.0" encoding="UTF-8"?>
<!-- Generated by org.testng.reporters.JUnitReportReporter -->
<testsuite skipped="6" hostname="DESKTOP-V4DK160" name="KTCTC.regression.WebTablesTest" tests="7" failures="0" timestamp="2022-03-19T21:45:08 IST" time="5.852" errors="1">
  <testcase name="beforeClassOfA" time="5.852" classname="KTCTC.regression.WebTablesTest">
    <error type="org.openqa.selenium.WebDriverException" message="unknown error: cannot find Chrome binary
Build info: version: &#039;3.141.59&#039;, revision: &#039;e82be7d358&#039;, time: &#039;2018-11-14T08:17:03&#039;
System info: host: &#039;DESKTOP-V4DK160&#039;, ip: &#039;192.168.1.104&#039;, os.name: &#039;Windows 7&#039;, os.arch: &#039;amd64&#039;, os.version: &#039;10.0&#039;, java.version: &#039;1.8.0_311&#039;
Driver info: driver.version: ChromeDriver
remote stacktrace: Backtrace:
	Ordinal0 [0x00F89943+2595139]
	Ordinal0 [0x00F1C9F1+2148849]
	Ordinal0 [0x00E14528+1066280]
	Ordinal0 [0x00E2F1CE+1176014]
	Ordinal0 [0x00E2D6F1+1169137]
	Ordinal0 [0x00E60530+1377584]
	Ordinal0 [0x00E6018A+1376650]
	Ordinal0 [0x00E5B806+1357830]
	Ordinal0 [0x00E36086+1204358]
	Ordinal0 [0x00E36F96+1208214]
	GetHandleVerifier [0x0112B232+1658114]
	GetHandleVerifier [0x011E312C+2411516]
	GetHandleVerifier [0x0101F261+560433]
	GetHandleVerifier [0x0101E366+556598]
	Ordinal0 [0x00F2286B+2173035]
	Ordinal0 [0x00F275F8+2192888]
	Ordinal0 [0x00F276E5+2193125]
	Ordinal0 [0x00F311FC+2232828]
	BaseThreadInitThunk [0x776AFA29+25]
	RtlGetAppContainerNamedObjectPath [0x77E47A7E+286]
	RtlGetAppContainerNamedObjectPath [0x77E47A4E+238]
">
      <![CDATA[org.openqa.selenium.WebDriverException: unknown error: cannot find Chrome binary
Build info: version: '3.141.59', revision: 'e82be7d358', time: '2018-11-14T08:17:03'
System info: host: 'DESKTOP-V4DK160', ip: '192.168.1.104', os.name: 'Windows 7', os.arch: 'amd64', os.version: '10.0', java.version: '1.8.0_311'
Driver info: driver.version: ChromeDriver
remote stacktrace: Backtrace:
Ordinal0 [0x00F89943+2595139]
Ordinal0 [0x00F1C9F1+2148849]
Ordinal0 [0x00E14528+1066280]
Ordinal0 [0x00E2F1CE+1176014]
Ordinal0 [0x00E2D6F1+1169137]
Ordinal0 [0x00E60530+1377584]
Ordinal0 [0x00E6018A+1376650]
Ordinal0 [0x00E5B806+1357830]
Ordinal0 [0x00E36086+1204358]
Ordinal0 [0x00E36F96+1208214]
GetHandleVerifier [0x0112B232+1658114]
GetHandleVerifier [0x011E312C+2411516]
GetHandleVerifier [0x0101F261+560433]
GetHandleVerifier [0x0101E366+556598]
Ordinal0 [0x00F2286B+2173035]
Ordinal0 [0x00F275F8+2192888]
Ordinal0 [0x00F276E5+2193125]
Ordinal0 [0x00F311FC+2232828]
BaseThreadInitThunk [0x776AFA29+25]
RtlGetAppContainerNamedObjectPath [0x77E47A7E+286]
RtlGetAppContainerNamedObjectPath [0x77E47A4E+238]

at sun.reflect.NativeConstructorAccessorImpl.newInstance0(Native Method)
at sun.reflect.NativeConstructorAccessorImpl.newInstance(Unknown Source)
at sun.reflect.DelegatingConstructorAccessorImpl.newInstance(Unknown Source)
at java.lang.reflect.Constructor.newInstance(Unknown Source)
at org.openqa.selenium.remote.W3CHandshakeResponse.lambda$errorHandler$0(W3CHandshakeResponse.java:62)
at org.openqa.selenium.remote.HandshakeResponse.lambda$getResponseFunction$0(HandshakeResponse.java:30)
at org.openqa.selenium.remote.ProtocolHandshake.lambda$createSession$0(ProtocolHandshake.java:126)
at java.util.stream.ReferencePipeline$3$1.accept(Unknown Source)
at java.util.Spliterators$ArraySpliterator.tryAdvance(Unknown Source)
at java.util.stream.ReferencePipeline.forEachWithCancel(Unknown Source)
at java.util.stream.AbstractPipeline.copyIntoWithCancel(Unknown Source)
at java.util.stream.AbstractPipeline.copyInto(Unknown Source)
at java.util.stream.AbstractPipeline.wrapAndCopyInto(Unknown Source)
at java.util.stream.FindOps$FindOp.evaluateSequential(Unknown Source)
at java.util.stream.AbstractPipeline.evaluate(Unknown Source)
at java.util.stream.ReferencePipeline.findFirst(Unknown Source)
at org.openqa.selenium.remote.ProtocolHandshake.createSession(ProtocolHandshake.java:128)
at org.openqa.selenium.remote.ProtocolHandshake.createSession(ProtocolHandshake.java:74)
at org.openqa.selenium.remote.HttpCommandExecutor.execute(HttpCommandExecutor.java:136)
at org.openqa.selenium.remote.service.DriverCommandExecutor.execute(DriverCommandExecutor.java:83)
at org.openqa.selenium.remote.RemoteWebDriver.execute(RemoteWebDriver.java:552)
at org.openqa.selenium.remote.RemoteWebDriver.startSession(RemoteWebDriver.java:213)
at org.openqa.selenium.remote.RemoteWebDriver.<init>(RemoteWebDriver.java:131)
at org.openqa.selenium.chrome.ChromeDriver.<init>(ChromeDriver.java:181)
at org.openqa.selenium.chrome.ChromeDriver.<init>(ChromeDriver.java:168)
at org.openqa.selenium.chrome.ChromeDriver.<init>(ChromeDriver.java:157)
at com.uiFramework.KTCTC.helper.browserConfiguration.ChromeBrowser.getChromeDriver(ChromeBrowser.java:49)
at com.uiFramework.KTCTC.helper.browserConfiguration.ChromeBrowser.getBrowserInstance(ChromeBrowser.java:60)
at com.uiFramework.KTCTC.testbase.TestBase.beforeClassOfA(TestBase.java:46)
at sun.reflect.NativeMethodAccessorImpl.invoke0(Native Method)
at sun.reflect.NativeMethodAccessorImpl.invoke(Unknown Source)
at sun.reflect.DelegatingMethodAccessorImpl.invoke(Unknown Source)
at java.lang.reflect.Method.invoke(Unknown Source)
at org.testng.internal.MethodInvocationHelper.invokeMethod(MethodInvocationHelper.java:133)
at org.testng.internal.MethodInvocationHelper.invokeMethodConsideringTimeout(MethodInvocationHelper.java:62)
at org.testng.internal.ConfigInvoker.invokeConfigurationMethod(ConfigInvoker.java:385)
at org.testng.internal.ConfigInvoker.invokeConfigurations(ConfigInvoker.java:321)
at org.testng.internal.TestMethodWorker.invokeBeforeClassMethods(TestMethodWorker.java:176)
at org.testng.internal.TestMethodWorker.run(TestMethodWorker.java:122)
at java.util.ArrayList.forEach(Unknown Source)
at org.testng.TestRunner.privateRun(TestRunner.java:794)
at org.testng.TestRunner.run(TestRunner.java:596)
at org.testng.SuiteRunner.runTest(SuiteRunner.java:377)
at org.testng.SuiteRunner.runSequentially(SuiteRunner.java:371)
at org.testng.SuiteRunner.privateRun(SuiteRunner.java:332)
at org.testng.SuiteRunner.run(SuiteRunner.java:276)
at org.testng.SuiteRunnerWorker.runSuite(SuiteRunnerWorker.java:53)
at org.testng.SuiteRunnerWorker.run(SuiteRunnerWorker.java:96)
at org.testng.TestNG.runSuitesSequentially(TestNG.java:1212)
at org.testng.TestNG.runSuitesLocally(TestNG.java:1134)
at org.testng.TestNG.runSuites(TestNG.java:1063)
at org.testng.TestNG.run(TestNG.java:1031)
at org.testng.remote.AbstractRemoteTestNG.run(AbstractRemoteTestNG.java:115)
at org.testng.remote.RemoteTestNG.initAndRun(RemoteTestNG.java:251)
at org.testng.remote.RemoteTestNG.main(RemoteTestNG.java:77)
]]>
    </error>
  </testcase> <!-- beforeClassOfA -->
  <system-out/>
  <testcase name="verifyUserCanNavigateToWebTablesPage" time="0.000" classname="KTCTC.regression.WebTablesTest">
    <skipped/>
  </testcase> <!-- verifyUserCanNavigateToWebTablesPage -->
  <system-out/>
  <testcase name="verifyNewUserCanBeAddedOnWebTablePage" time="0.000" classname="KTCTC.regression.WebTablesTest">
    <skipped/>
  </testcase> <!-- verifyNewUserCanBeAddedOnWebTablePage -->
  <system-out/>
  <testcase name="verifyAllDetailsOfNewlyAddedUser" time="0.000" classname="KTCTC.regression.WebTablesTest">
    <skipped/>
  </testcase> <!-- verifyAllDetailsOfNewlyAddedUser -->
  <system-out/>
  <testcase name="verifyExistingUserCanBeEdited" time="0.000" classname="KTCTC.regression.WebTablesTest">
    <skipped/>
  </testcase> <!-- verifyExistingUserCanBeEdited -->
  <system-out/>
  <testcase name="verifyAllDetailsOfEditedUser" time="0.000" classname="KTCTC.regression.WebTablesTest">
    <skipped/>
  </testcase> <!-- verifyAllDetailsOfEditedUser -->
  <system-out/>
  <testcase name="verifyExistingUserCanBeDeleted" time="0.000" classname="KTCTC.regression.WebTablesTest">
    <skipped/>
  </testcase> <!-- verifyExistingUserCanBeDeleted -->
  <system-out/>
</testsuite> <!-- KTCTC.regression.WebTablesTest -->
